\BOOKMARK [0][-]{chapter.1}{\376\377\117\341\123\367\116\016\174\373\176\337\151\202\217\360}{}% 1
\BOOKMARK [1][-]{section.1.1}{\376\377\117\341\123\367\116\016\174\373\176\337\166\204\127\372\147\054\151\202\137\365}{chapter.1}% 2
\BOOKMARK [1][-]{section.1.2}{\376\377\217\336\176\355\117\341\123\367\116\016\171\273\145\143\117\341\123\367}{chapter.1}% 3
\BOOKMARK [1][-]{section.1.3}{\376\377\121\170\127\213\166\204\217\336\176\355\116\016\171\273\145\143\117\341\123\367}{chapter.1}% 4
\BOOKMARK [0][-]{chapter.2}{\376\377\217\336\176\355\117\341\123\367\166\204\230\221\127\337\122\006\147\220}{}% 5
\BOOKMARK [1][-]{section.2.1}{\376\377\176\277\140\047\172\172\225\364\377\014\153\143\116\244\127\372}{chapter.2}% 6
\BOOKMARK [1][-]{section.2.2}{\376\377\120\205\221\314\123\366\176\247\145\160}{chapter.2}% 7
\BOOKMARK [1][-]{section.2.3}{\376\377\120\205\221\314\123\366\123\330\143\142\122\035\153\145}{chapter.2}% 8
\BOOKMARK [1][-]{section.2.4}{\376\377\123\167\171\357}{chapter.2}% 9
\BOOKMARK [1][-]{section.2.5}{\376\377\122\006\136\003\123\312\121\166\120\205\221\314\123\366\123\330\143\142}{chapter.2}% 10
\BOOKMARK [1][-]{section.2.6}{\376\377\000*\120\205\221\314\123\366\176\247\145\160\166\204\156\020\217\333\162\171\140\047\377\014\124\011\136\003\145\257\163\260\214\141}{chapter.2}% 11
\BOOKMARK [0][-]{chapter.3}{\376\377\121\163\116\216\120\205\221\314\123\366\123\330\143\142\166\204\217\333\116\000\153\145\213\250\213\272}{}% 12
\BOOKMARK [1][-]{section.3.1}{\376\377\123\326\150\067\124\214\143\322\120\074}{chapter.3}% 13
\BOOKMARK [1][-]{section.3.2}{\376\377\171\273\145\143\120\205\221\314\123\366\123\330\143\142}{chapter.3}% 14
\BOOKMARK [1][-]{section.3.3}{\376\377\131\032\176\364\120\205\221\314\123\366\123\330\143\142}{chapter.3}% 15
\BOOKMARK [1][-]{section.3.4}{\376\377\136\014\134\024\117\057\162\171\123\330\143\142\377\014\154\111\121\113\134\024\123\330\143\142\124\214\142\311\116\034\123\330\143\142}{chapter.3}% 16
\BOOKMARK [1][-]{section.3.5}{\376\377\126\336\122\060\147\011\226\120\123\072\225\364}{chapter.3}% 17
\BOOKMARK [1][-]{section.3.6}{\376\377\116\016\120\205\221\314\123\366\123\330\143\142\147\011\121\163\166\204\121\166\116\326\123\330\143\142}{chapter.3}% 18
\BOOKMARK [0][-]{chapter.4}{\376\377\217\336\176\355\174\373\176\337\166\204\145\366\230\221\122\006\147\220}{}% 19
\BOOKMARK [1][-]{section.4.1}{\376\377\174\373\176\337\151\202\217\360}{chapter.4}% 20
\BOOKMARK [1][-]{section.4.2}{\376\377\174\373\176\337\166\204\210\150\171\072\124\214\137\256\122\006\145\271\172\013}{chapter.4}% 21
\BOOKMARK [1][-]{section.4.3}{\376\377\174\373\176\337\166\204\230\221\163\207\124\315\136\224\162\171\140\047}{chapter.4}% 22
